[01m[K/home/vik/controller_ws/src/skrat-wmr-dev/fbl_control/src/setpt_gen.cpp:[m[K In lambda function:
[01m[K/home/vik/controller_ws/src/skrat-wmr-dev/fbl_control/src/setpt_gen.cpp:32:47:[m[K [01;31m[Kerror: [m[Kexpected ‘[01m[K{[m[K’ before ‘[01m[K;[m[K’ token
     msg = [x_d, y_d, theta_d, vx_d, vy_d, w_d];
[01;32m[K                                               ^[m[K
[01m[K/home/vik/controller_ws/src/skrat-wmr-dev/fbl_control/src/setpt_gen.cpp:[m[K In function ‘[01m[Kint main(int, char**)[m[K’:
[01m[K/home/vik/controller_ws/src/skrat-wmr-dev/fbl_control/src/setpt_gen.cpp:32:9:[m[K [01;31m[Kerror: [m[Kno match for ‘[01m[Koperator=[m[K’ (operand types are ‘[01m[Kfbl_control::setpt_msg {aka fbl_control::setpt_msg_<std::allocator<void> >}[m[K’ and ‘[01m[Kmain(int, char**)::<lambda()>[m[K’)
     msg = [x_d, y_d, theta_d, vx_d, vy_d, w_d];
[01;32m[K         ^[m[K
In file included from [01m[K/home/vik/controller_ws/src/skrat-wmr-dev/fbl_control/src/../include/setpt_gen.h:5:0[m[K,
                 from [01m[K/home/vik/controller_ws/src/skrat-wmr-dev/fbl_control/src/setpt_gen.cpp:1[m[K:
[01m[K/home/vik/controller_ws/devel/.private/fbl_control/include/fbl_control/setpt_msg.h:22:8:[m[K [01;36m[Knote: [m[Kcandidate: constexpr fbl_control::setpt_msg_<std::allocator<void> >& fbl_control::setpt_msg_<std::allocator<void> >::operator=(const fbl_control::setpt_msg_<std::allocator<void> >&)
 struct setpt_msg_
[01;32m[K        ^[m[K
[01m[K/home/vik/controller_ws/devel/.private/fbl_control/include/fbl_control/setpt_msg.h:22:8:[m[K [01;36m[Knote: [m[K  no known conversion for argument 1 from ‘[01m[Kmain(int, char**)::<lambda()>[m[K’ to ‘[01m[Kconst fbl_control::setpt_msg_<std::allocator<void> >&[m[K’
[01m[K/home/vik/controller_ws/devel/.private/fbl_control/include/fbl_control/setpt_msg.h:22:8:[m[K [01;36m[Knote: [m[Kcandidate: constexpr fbl_control::setpt_msg_<std::allocator<void> >& fbl_control::setpt_msg_<std::allocator<void> >::operator=(fbl_control::setpt_msg_<std::allocator<void> >&&)
[01m[K/home/vik/controller_ws/devel/.private/fbl_control/include/fbl_control/setpt_msg.h:22:8:[m[K [01;36m[Knote: [m[K  no known conversion for argument 1 from ‘[01m[Kmain(int, char**)::<lambda()>[m[K’ to ‘[01m[Kfbl_control::setpt_msg_<std::allocator<void> >&&[m[K’
make[2]: *** [CMakeFiles/setpt_gen.dir/src/setpt_gen.cpp.o] Error 1
make[1]: *** [CMakeFiles/setpt_gen.dir/all] Error 2
make[1]: *** Waiting for unfinished jobs....
In file included from [01m[K/home/vik/controller_ws/src/skrat-wmr-dev/fbl_control/src/../include/controller.h:11:0[m[K,
                 from [01m[K/home/vik/controller_ws/src/skrat-wmr-dev/fbl_control/src/controller.cpp:7[m[K:
[01m[K/home/vik/controller_ws/src/skrat-wmr-dev/fbl_control/src/../include/./controller_globals.h:36:25:[m[K [01;31m[Kerror: [m[Kconverting to ‘[01m[KVector6d {aka Eigen::Matrix<double, 6, 1>}[m[K’ from initializer list would use explicit constructor ‘[01m[KEigen::Matrix<_Scalar, _Rows, _Cols, _Options, _MaxRows, _MaxCols>::Matrix(const T&) [with T = int; _Scalar = double; int _Rows = 6; int _Cols = 1; int _Options = 0; int _MaxRows = 6; int _MaxCols = 1][m[K’
 Vector6d prev_setpt = {0};
[01;32m[K                         ^[m[K
In file included from [01m[K/opt/ros/kinetic/include/ros/ros.h:40:0[m[K,
                 from [01m[K/home/vik/controller_ws/src/skrat-wmr-dev/fbl_control/src/../include/controller.h:7[m[K,
                 from [01m[K/home/vik/controller_ws/src/skrat-wmr-dev/fbl_control/src/controller.cpp:7[m[K:
[01m[K/home/vik/controller_ws/src/skrat-wmr-dev/fbl_control/src/controller.cpp:[m[K In function ‘[01m[Kvoid chatterCallback(const plant_msg&)[m[K’:
[01m[K/opt/ros/kinetic/include/ros/console.h:346:176:[m[K [01;35m[Kwarning: [m[Kformat ‘[01m[K%f[m[K’ expects a matching ‘[01m[Kdouble[m[K’ argument [-Wformat=]
     ::ros::console::print(filter, __rosconsole_define_location__loc.logger_, __rosconsole_define_location__loc.level_, __FILE__, __LINE__, __ROSCONSOLE_FUNCTION__, __VA_ARGS__)
[01;32m[K                                                                                                                                                                                ^[m[K
[01m[K/opt/ros/kinetic/include/ros/console.h:349:5:[m[K [01;36m[Knote: [m[Kin expansion of macro ‘[01m[KROSCONSOLE_PRINT_AT_LOCATION_WITH_FILTER[m[K’
     ROSCONSOLE_PRINT_AT_LOCATION_WITH_FILTER(0, __VA_ARGS__)
[01;32m[K     ^[m[K
[01m[K/opt/ros/kinetic/include/ros/console.h:379:7:[m[K [01;36m[Knote: [m[Kin expansion of macro ‘[01m[KROSCONSOLE_PRINT_AT_LOCATION[m[K’
       ROSCONSOLE_PRINT_AT_LOCATION(__VA_ARGS__); \
[01;32m[K       ^[m[K
[01m[K/opt/ros/kinetic/include/ros/console.h:561:35:[m[K [01;36m[Knote: [m[Kin expansion of macro ‘[01m[KROS_LOG_COND[m[K’
 #define ROS_LOG(level, name, ...) ROS_LOG_COND(true, level, name, __VA_ARGS__)
[01;32m[K                                   ^[m[K
[01m[K/opt/ros/kinetic/include/rosconsole/macros_generated.h:110:23:[m[K [01;36m[Knote: [m[Kin expansion of macro ‘[01m[KROS_LOG[m[K’
 #define ROS_INFO(...) ROS_LOG(::ros::console::levels::Info, ROSCONSOLE_DEFAULT_NAME, __VA_ARGS__)
[01;32m[K                       ^[m[K
[01m[K/home/vik/controller_ws/src/skrat-wmr-dev/fbl_control/src/controller.cpp:51:5:[m[K [01;36m[Knote: [m[Kin expansion of macro ‘[01m[KROS_INFO[m[K’
     ROS_INFO("I heard x: %f %f", msg.x[0]);
[01;32m[K     ^[m[K
[01m[K/home/vik/controller_ws/src/skrat-wmr-dev/fbl_control/src/controller.cpp:194:32:[m[K [01;35m[Kwarning: [m[Knarrowing conversion of ‘[01m[Kdes_steer[0][m[K’ from ‘[01m[Kdouble[m[K’ to ‘[01m[Kfloat[m[K’ inside { } [-Wnarrowing]
     float pts[8] = {des_steer[0], des_steer[1], des_steer[2], des_steer[3], drive_speed_e1, drive_speed_e2, drive_speed_e3, drive_speed_e4};
[01;32m[K                                ^[m[K
[01m[K/home/vik/controller_ws/src/skrat-wmr-dev/fbl_control/src/controller.cpp:194:46:[m[K [01;35m[Kwarning: [m[Knarrowing conversion of ‘[01m[Kdes_steer[1][m[K’ from ‘[01m[Kdouble[m[K’ to ‘[01m[Kfloat[m[K’ inside { } [-Wnarrowing]
     float pts[8] = {des_steer[0], des_steer[1], des_steer[2], des_steer[3], drive_speed_e1, drive_speed_e2, drive_speed_e3, drive_speed_e4};
[01;32m[K                                              ^[m[K
[01m[K/home/vik/controller_ws/src/skrat-wmr-dev/fbl_control/src/controller.cpp:194:60:[m[K [01;35m[Kwarning: [m[Knarrowing conversion of ‘[01m[Kdes_steer[2][m[K’ from ‘[01m[Kdouble[m[K’ to ‘[01m[Kfloat[m[K’ inside { } [-Wnarrowing]
     float pts[8] = {des_steer[0], des_steer[1], des_steer[2], des_steer[3], drive_speed_e1, drive_speed_e2, drive_speed_e3, drive_speed_e4};
[01;32m[K                                                            ^[m[K
[01m[K/home/vik/controller_ws/src/skrat-wmr-dev/fbl_control/src/controller.cpp:194:74:[m[K [01;35m[Kwarning: [m[Knarrowing conversion of ‘[01m[Kdes_steer[3][m[K’ from ‘[01m[Kdouble[m[K’ to ‘[01m[Kfloat[m[K’ inside { } [-Wnarrowing]
     float pts[8] = {des_steer[0], des_steer[1], des_steer[2], des_steer[3], drive_speed_e1, drive_speed_e2, drive_speed_e3, drive_speed_e4};
[01;32m[K                                                                          ^[m[K
[01m[K/home/vik/controller_ws/src/skrat-wmr-dev/fbl_control/src/controller.cpp:194:139:[m[K [01;35m[Kwarning: [m[Knarrowing conversion of ‘[01m[Kdrive_speed_e1[m[K’ from ‘[01m[Kdouble[m[K’ to ‘[01m[Kfloat[m[K’ inside { } [-Wnarrowing]
     float pts[8] = {des_steer[0], des_steer[1], des_steer[2], des_steer[3], drive_speed_e1, drive_speed_e2, drive_speed_e3, drive_speed_e4};
[01;32m[K                                                                                                                                           ^[m[K
[01m[K/home/vik/controller_ws/src/skrat-wmr-dev/fbl_control/src/controller.cpp:194:139:[m[K [01;35m[Kwarning: [m[Knarrowing conversion of ‘[01m[Kdrive_speed_e2[m[K’ from ‘[01m[Kdouble[m[K’ to ‘[01m[Kfloat[m[K’ inside { } [-Wnarrowing]
[01m[K/home/vik/controller_ws/src/skrat-wmr-dev/fbl_control/src/controller.cpp:194:139:[m[K [01;35m[Kwarning: [m[Knarrowing conversion of ‘[01m[Kdrive_speed_e3[m[K’ from ‘[01m[Kdouble[m[K’ to ‘[01m[Kfloat[m[K’ inside { } [-Wnarrowing]
[01m[K/home/vik/controller_ws/src/skrat-wmr-dev/fbl_control/src/controller.cpp:194:139:[m[K [01;35m[Kwarning: [m[Knarrowing conversion of ‘[01m[Kdrive_speed_e4[m[K’ from ‘[01m[Kdouble[m[K’ to ‘[01m[Kfloat[m[K’ inside { } [-Wnarrowing]
make[2]: *** [CMakeFiles/controller.dir/src/controller.cpp.o] Error 1
make[1]: *** [CMakeFiles/controller.dir/all] Error 2
make: *** [all] Error 2
