Linked: (/home/vik/controller_ws/devel/.private/fbl_control/lib/fbl_control/controller, /home/vik/controller_ws/devel/lib/fbl_control/controller)
Linked: (/home/vik/controller_ws/devel/.private/fbl_control/lib/fbl_control/swerve_steer_plant, /home/vik/controller_ws/devel/lib/fbl_control/swerve_steer_plant)
Linked: (/home/vik/controller_ws/devel/.private/fbl_control/lib/fbl_control/setpt_gen, /home/vik/controller_ws/devel/lib/fbl_control/setpt_gen)
Linked: (/home/vik/controller_ws/devel/.private/fbl_control/lib/pkgconfig/fbl_control.pc, /home/vik/controller_ws/devel/lib/pkgconfig/fbl_control.pc)
Linked: (/home/vik/controller_ws/devel/.private/fbl_control/lib/python2.7/dist-packages/fbl_control/__init__.py, /home/vik/controller_ws/devel/lib/python2.7/dist-packages/fbl_control/__init__.py)
Linked: (/home/vik/controller_ws/devel/.private/fbl_control/lib/python2.7/dist-packages/fbl_control/msg/_controller_msg.py, /home/vik/controller_ws/devel/lib/python2.7/dist-packages/fbl_control/msg/_controller_msg.py)
Linked: (/home/vik/controller_ws/devel/.private/fbl_control/lib/python2.7/dist-packages/fbl_control/msg/_plant_msg.py, /home/vik/controller_ws/devel/lib/python2.7/dist-packages/fbl_control/msg/_plant_msg.py)
Linked: (/home/vik/controller_ws/devel/.private/fbl_control/lib/python2.7/dist-packages/fbl_control/msg/_setpt_msg.py, /home/vik/controller_ws/devel/lib/python2.7/dist-packages/fbl_control/msg/_setpt_msg.py)
Linked: (/home/vik/controller_ws/devel/.private/fbl_control/lib/python2.7/dist-packages/fbl_control/msg/__init__.py, /home/vik/controller_ws/devel/lib/python2.7/dist-packages/fbl_control/msg/__init__.py)
Linked: (/home/vik/controller_ws/devel/.private/fbl_control/share/fbl_control/cmake/fbl_controlConfig-version.cmake, /home/vik/controller_ws/devel/share/fbl_control/cmake/fbl_controlConfig-version.cmake)
Linked: (/home/vik/controller_ws/devel/.private/fbl_control/share/fbl_control/cmake/fbl_control-msg-paths.cmake, /home/vik/controller_ws/devel/share/fbl_control/cmake/fbl_control-msg-paths.cmake)
Linked: (/home/vik/controller_ws/devel/.private/fbl_control/share/fbl_control/cmake/fbl_controlConfig.cmake, /home/vik/controller_ws/devel/share/fbl_control/cmake/fbl_controlConfig.cmake)
Linked: (/home/vik/controller_ws/devel/.private/fbl_control/share/fbl_control/cmake/fbl_control-msg-extras.cmake, /home/vik/controller_ws/devel/share/fbl_control/cmake/fbl_control-msg-extras.cmake)
Linked: (/home/vik/controller_ws/devel/.private/fbl_control/share/gennodejs/ros/fbl_control/_index.js, /home/vik/controller_ws/devel/share/gennodejs/ros/fbl_control/_index.js)
Linked: (/home/vik/controller_ws/devel/.private/fbl_control/share/gennodejs/ros/fbl_control/msg/plant_msg.js, /home/vik/controller_ws/devel/share/gennodejs/ros/fbl_control/msg/plant_msg.js)
Linked: (/home/vik/controller_ws/devel/.private/fbl_control/share/gennodejs/ros/fbl_control/msg/_index.js, /home/vik/controller_ws/devel/share/gennodejs/ros/fbl_control/msg/_index.js)
Linked: (/home/vik/controller_ws/devel/.private/fbl_control/share/gennodejs/ros/fbl_control/msg/controller_msg.js, /home/vik/controller_ws/devel/share/gennodejs/ros/fbl_control/msg/controller_msg.js)
Linked: (/home/vik/controller_ws/devel/.private/fbl_control/share/gennodejs/ros/fbl_control/msg/setpt_msg.js, /home/vik/controller_ws/devel/share/gennodejs/ros/fbl_control/msg/setpt_msg.js)
Linked: (/home/vik/controller_ws/devel/.private/fbl_control/share/roseus/ros/fbl_control/manifest.l, /home/vik/controller_ws/devel/share/roseus/ros/fbl_control/manifest.l)
Linked: (/home/vik/controller_ws/devel/.private/fbl_control/share/roseus/ros/fbl_control/msg/setpt_msg.l, /home/vik/controller_ws/devel/share/roseus/ros/fbl_control/msg/setpt_msg.l)
Linked: (/home/vik/controller_ws/devel/.private/fbl_control/share/roseus/ros/fbl_control/msg/plant_msg.l, /home/vik/controller_ws/devel/share/roseus/ros/fbl_control/msg/plant_msg.l)
Linked: (/home/vik/controller_ws/devel/.private/fbl_control/share/roseus/ros/fbl_control/msg/controller_msg.l, /home/vik/controller_ws/devel/share/roseus/ros/fbl_control/msg/controller_msg.l)
Linked: (/home/vik/controller_ws/devel/.private/fbl_control/share/common-lisp/ros/fbl_control/msg/plant_msg.lisp, /home/vik/controller_ws/devel/share/common-lisp/ros/fbl_control/msg/plant_msg.lisp)
Linked: (/home/vik/controller_ws/devel/.private/fbl_control/share/common-lisp/ros/fbl_control/msg/fbl_control-msg.asd, /home/vik/controller_ws/devel/share/common-lisp/ros/fbl_control/msg/fbl_control-msg.asd)
Linked: (/home/vik/controller_ws/devel/.private/fbl_control/share/common-lisp/ros/fbl_control/msg/controller_msg.lisp, /home/vik/controller_ws/devel/share/common-lisp/ros/fbl_control/msg/controller_msg.lisp)
Linked: (/home/vik/controller_ws/devel/.private/fbl_control/share/common-lisp/ros/fbl_control/msg/_package_plant_msg.lisp, /home/vik/controller_ws/devel/share/common-lisp/ros/fbl_control/msg/_package_plant_msg.lisp)
Linked: (/home/vik/controller_ws/devel/.private/fbl_control/share/common-lisp/ros/fbl_control/msg/_package_setpt_msg.lisp, /home/vik/controller_ws/devel/share/common-lisp/ros/fbl_control/msg/_package_setpt_msg.lisp)
Linked: (/home/vik/controller_ws/devel/.private/fbl_control/share/common-lisp/ros/fbl_control/msg/_package.lisp, /home/vik/controller_ws/devel/share/common-lisp/ros/fbl_control/msg/_package.lisp)
Linked: (/home/vik/controller_ws/devel/.private/fbl_control/share/common-lisp/ros/fbl_control/msg/_package_controller_msg.lisp, /home/vik/controller_ws/devel/share/common-lisp/ros/fbl_control/msg/_package_controller_msg.lisp)
Linked: (/home/vik/controller_ws/devel/.private/fbl_control/share/common-lisp/ros/fbl_control/msg/setpt_msg.lisp, /home/vik/controller_ws/devel/share/common-lisp/ros/fbl_control/msg/setpt_msg.lisp)
Linked: (/home/vik/controller_ws/devel/.private/fbl_control/include/fbl_control/plant_msg.h, /home/vik/controller_ws/devel/include/fbl_control/plant_msg.h)
Linked: (/home/vik/controller_ws/devel/.private/fbl_control/include/fbl_control/setpt_msg.h, /home/vik/controller_ws/devel/include/fbl_control/setpt_msg.h)
Linked: (/home/vik/controller_ws/devel/.private/fbl_control/include/fbl_control/controller_msg.h, /home/vik/controller_ws/devel/include/fbl_control/controller_msg.h)
