[  0%] Built target std_msgs_generate_messages_py
[  0%] Built target std_msgs_generate_messages_cpp
[  0%] Built target std_msgs_generate_messages_eus
[  0%] Built target _fbl_control_generate_messages_check_deps_setpt_msg
[  0%] Built target _fbl_control_generate_messages_check_deps_plant_msg
[  0%] Built target std_msgs_generate_messages_nodejs
[  0%] Built target std_msgs_generate_messages_lisp
[  0%] Built target _fbl_control_generate_messages_check_deps_controller_msg
[ 13%] Built target fbl_control_generate_messages_lisp
[ 30%] Built target fbl_control_generate_messages_eus
[ 47%] Built target fbl_control_generate_messages_py
[ 60%] Built target fbl_control_generate_messages_nodejs
[ 73%] Built target fbl_control_generate_messages_cpp
[ 82%] Built target setpt_gen
[35m[1mScanning dependencies of target swerve_steer_plant[0m
[ 82%] Built target fbl_control_generate_messages
[ 86%] [32mBuilding CXX object CMakeFiles/swerve_steer_plant.dir/src/swerve_steer_plant.cpp.o[0m
[ 95%] Built target controller
[100%] [32m[1mLinking CXX executable /home/vik/controller_ws/devel/.private/fbl_control/lib/fbl_control/swerve_steer_plant[0m
[100%] Built target swerve_steer_plant
