Linked: (/home/vik/controller_ws/devel/.private/moving_base/lib/pkgconfig/moving_base.pc, /home/vik/controller_ws/devel/lib/pkgconfig/moving_base.pc)
Linked: (/home/vik/controller_ws/devel/.private/moving_base/lib/python2.7/dist-packages/moving_base/__init__.py, /home/vik/controller_ws/devel/lib/python2.7/dist-packages/moving_base/__init__.py)
Linked: (/home/vik/controller_ws/devel/.private/moving_base/lib/python2.7/dist-packages/moving_base/msg/_motordesc.py, /home/vik/controller_ws/devel/lib/python2.7/dist-packages/moving_base/msg/_motordesc.py)
Linked: (/home/vik/controller_ws/devel/.private/moving_base/lib/python2.7/dist-packages/moving_base/msg/__init__.py, /home/vik/controller_ws/devel/lib/python2.7/dist-packages/moving_base/msg/__init__.py)
Linked: (/home/vik/controller_ws/devel/.private/moving_base/lib/python2.7/dist-packages/moving_base/msg/_arduino_status.py, /home/vik/controller_ws/devel/lib/python2.7/dist-packages/moving_base/msg/_arduino_status.py)
Linked: (/home/vik/controller_ws/devel/.private/moving_base/lib/python2.7/dist-packages/moving_base/cfg/PIDConfig.py, /home/vik/controller_ws/devel/lib/python2.7/dist-packages/moving_base/cfg/PIDConfig.py)
Linked: (/home/vik/controller_ws/devel/.private/moving_base/lib/python2.7/dist-packages/moving_base/cfg/__init__.py, /home/vik/controller_ws/devel/lib/python2.7/dist-packages/moving_base/cfg/__init__.py)
Linked: (/home/vik/controller_ws/devel/.private/moving_base/share/gennodejs/ros/moving_base/_index.js, /home/vik/controller_ws/devel/share/gennodejs/ros/moving_base/_index.js)
Linked: (/home/vik/controller_ws/devel/.private/moving_base/share/gennodejs/ros/moving_base/msg/motordesc.js, /home/vik/controller_ws/devel/share/gennodejs/ros/moving_base/msg/motordesc.js)
Linked: (/home/vik/controller_ws/devel/.private/moving_base/share/gennodejs/ros/moving_base/msg/_index.js, /home/vik/controller_ws/devel/share/gennodejs/ros/moving_base/msg/_index.js)
Linked: (/home/vik/controller_ws/devel/.private/moving_base/share/gennodejs/ros/moving_base/msg/arduino_status.js, /home/vik/controller_ws/devel/share/gennodejs/ros/moving_base/msg/arduino_status.js)
Linked: (/home/vik/controller_ws/devel/.private/moving_base/share/roseus/ros/moving_base/manifest.l, /home/vik/controller_ws/devel/share/roseus/ros/moving_base/manifest.l)
Linked: (/home/vik/controller_ws/devel/.private/moving_base/share/roseus/ros/moving_base/msg/motordesc.l, /home/vik/controller_ws/devel/share/roseus/ros/moving_base/msg/motordesc.l)
Linked: (/home/vik/controller_ws/devel/.private/moving_base/share/roseus/ros/moving_base/msg/arduino_status.l, /home/vik/controller_ws/devel/share/roseus/ros/moving_base/msg/arduino_status.l)
Linked: (/home/vik/controller_ws/devel/.private/moving_base/share/moving_base/cmake/moving_base-msg-paths.cmake, /home/vik/controller_ws/devel/share/moving_base/cmake/moving_base-msg-paths.cmake)
Linked: (/home/vik/controller_ws/devel/.private/moving_base/share/moving_base/cmake/moving_base-msg-extras.cmake, /home/vik/controller_ws/devel/share/moving_base/cmake/moving_base-msg-extras.cmake)
Linked: (/home/vik/controller_ws/devel/.private/moving_base/share/moving_base/cmake/moving_baseConfig-version.cmake, /home/vik/controller_ws/devel/share/moving_base/cmake/moving_baseConfig-version.cmake)
Linked: (/home/vik/controller_ws/devel/.private/moving_base/share/moving_base/cmake/moving_baseConfig.cmake, /home/vik/controller_ws/devel/share/moving_base/cmake/moving_baseConfig.cmake)
Linked: (/home/vik/controller_ws/devel/.private/moving_base/share/moving_base/docs/PIDConfig.dox, /home/vik/controller_ws/devel/share/moving_base/docs/PIDConfig.dox)
Linked: (/home/vik/controller_ws/devel/.private/moving_base/share/moving_base/docs/PIDConfig-usage.dox, /home/vik/controller_ws/devel/share/moving_base/docs/PIDConfig-usage.dox)
Linked: (/home/vik/controller_ws/devel/.private/moving_base/share/moving_base/docs/PIDConfig.wikidoc, /home/vik/controller_ws/devel/share/moving_base/docs/PIDConfig.wikidoc)
Linked: (/home/vik/controller_ws/devel/.private/moving_base/share/common-lisp/ros/moving_base/msg/_package_arduino_status.lisp, /home/vik/controller_ws/devel/share/common-lisp/ros/moving_base/msg/_package_arduino_status.lisp)
Linked: (/home/vik/controller_ws/devel/.private/moving_base/share/common-lisp/ros/moving_base/msg/motordesc.lisp, /home/vik/controller_ws/devel/share/common-lisp/ros/moving_base/msg/motordesc.lisp)
Linked: (/home/vik/controller_ws/devel/.private/moving_base/share/common-lisp/ros/moving_base/msg/_package_motordesc.lisp, /home/vik/controller_ws/devel/share/common-lisp/ros/moving_base/msg/_package_motordesc.lisp)
Linked: (/home/vik/controller_ws/devel/.private/moving_base/share/common-lisp/ros/moving_base/msg/arduino_status.lisp, /home/vik/controller_ws/devel/share/common-lisp/ros/moving_base/msg/arduino_status.lisp)
Linked: (/home/vik/controller_ws/devel/.private/moving_base/share/common-lisp/ros/moving_base/msg/moving_base-msg.asd, /home/vik/controller_ws/devel/share/common-lisp/ros/moving_base/msg/moving_base-msg.asd)
Linked: (/home/vik/controller_ws/devel/.private/moving_base/share/common-lisp/ros/moving_base/msg/_package.lisp, /home/vik/controller_ws/devel/share/common-lisp/ros/moving_base/msg/_package.lisp)
Linked: (/home/vik/controller_ws/devel/.private/moving_base/include/moving_base/motordesc.h, /home/vik/controller_ws/devel/include/moving_base/motordesc.h)
Linked: (/home/vik/controller_ws/devel/.private/moving_base/include/moving_base/arduino_status.h, /home/vik/controller_ws/devel/include/moving_base/arduino_status.h)
Linked: (/home/vik/controller_ws/devel/.private/moving_base/include/moving_base/PIDConfig.h, /home/vik/controller_ws/devel/include/moving_base/PIDConfig.h)
